<?xml version="1.0" encoding="UTF-8"?>
<!-- Generated by org.testng.reporters.JUnitXMLReporter -->
<testsuite ignored="1" hostname="WINDOWS-O5DPIFF" failures="0" tests="1" name="Default test" time="0.069" errors="0" timestamp="2022-04-23T00:23:47 PDT">
  <testcase classname="rahulshettyacademy.MavenJava.Appiumtest" name="NativeAppsAndroid" time="0.007"/>
  <testcase classname="rahulshettyacademy.MavenJava.Appiumtest" name="IOSApps" time="0.0">
    <ignored/>
  </testcase> <!-- IOSApps -->
</testsuite> <!-- Default test -->
