<?xml version="1.0" encoding="UTF-8"?>
<!-- Generated by org.testng.reporters.JUnitXMLReporter -->
<testsuite ignored="0" hostname="WINDOWS-O5DPIFF" failures="0" tests="4" name="Test" time="0.066" errors="0" timestamp="2022-04-23T01:01:08 PDT">
  <testcase classname="rahulshettyacademy.MavenJava.RestAPITest" name="deleteTwitter" time="0.009"/>
  <testcase classname="rahulshettyacademy.MavenJava.RestAPITest" name="postJira" time="0.0"/>
  <testcase classname="rahulshettyacademy.MavenJava.SeleniumTest" name="BrowserAutomation" time="0.001"/>
  <testcase classname="rahulshettyacademy.MavenJava.SeleniumTest" name="elementsUI" time="0.0"/>
</testsuite> <!-- Test -->
