<?xml version="1.0" encoding="UTF-8"?>
<testng-results ignored="0" total="2" passed="2" failed="0" skipped="0">
  <reporter-output>
  </reporter-output>
  <suite started-at="2022-04-23T01:10:14 PDT" name="Surefire suite" finished-at="2022-04-23T01:10:14 PDT" duration-ms="45">
    <groups>
    </groups>
    <test started-at="2022-04-23T01:10:14 PDT" name="Surefire test" finished-at="2022-04-23T01:10:14 PDT" duration-ms="45">
      <class name="rahulshettyacademy.MavenJava.AppiumTest">
        <test-method signature="IOSApps()[pri:0, instance:rahulshettyacademy.MavenJava.AppiumTest@7c417213]" started-at="2022-04-23T01:10:14 PDT" name="IOSApps" finished-at="2022-04-23T01:10:14 PDT" duration-ms="8" status="PASS">
          <reporter-output>
          </reporter-output>
        </test-method> <!-- IOSApps -->
        <test-method signature="NativeAppsAndroid()[pri:0, instance:rahulshettyacademy.MavenJava.AppiumTest@7c417213]" started-at="2022-04-23T01:10:14 PDT" name="NativeAppsAndroid" finished-at="2022-04-23T01:10:14 PDT" duration-ms="0" status="PASS">
          <reporter-output>
          </reporter-output>
        </test-method> <!-- NativeAppsAndroid -->
      </class> <!-- rahulshettyacademy.MavenJava.AppiumTest -->
    </test> <!-- Surefire test -->
  </suite> <!-- Surefire suite -->
</testng-results>
