<?xml version="1.0" encoding="UTF-8"?>
<testng-results ignored="1" total="2" passed="1" failed="0" skipped="0">
  <reporter-output>
  </reporter-output>
  <suite started-at="2022-04-23T00:23:47 PDT" name="Default suite" finished-at="2022-04-23T00:23:47 PDT" duration-ms="69">
    <groups>
    </groups>
    <test started-at="2022-04-23T00:23:47 PDT" name="Default test" finished-at="2022-04-23T00:23:47 PDT" duration-ms="69">
      <class name="rahulshettyacademy.MavenJava.Appiumtest">
        <test-method signature="NativeAppsAndroid()[pri:0, instance:rahulshettyacademy.MavenJava.Appiumtest@31fa1761]" started-at="2022-04-23T00:23:47 PDT" name="NativeAppsAndroid" finished-at="2022-04-23T00:23:47 PDT" duration-ms="7" status="PASS">
          <reporter-output>
          </reporter-output>
        </test-method> <!-- NativeAppsAndroid -->
      </class> <!-- rahulshettyacademy.MavenJava.Appiumtest -->
    </test> <!-- Default test -->
  </suite> <!-- Default suite -->
</testng-results>
