<?xml version="1.0" encoding="UTF-8"?>
<!-- Generated by org.testng.reporters.JUnitReportReporter -->
<testsuite hostname="WINDOWS-O5DPIFF" failures="0" tests="2" name="rahulshettyacademy.MavenJava.SeleniumTest" time="0.001" errors="0" timestamp="2022-04-23T01:01:08 PDT" skipped="0">
  <testcase classname="rahulshettyacademy.MavenJava.SeleniumTest" name="BrowserAutomation" time="0.001"/>
  <system-out/>
  <testcase classname="rahulshettyacademy.MavenJava.SeleniumTest" name="elementsUI" time="0.000"/>
  <system-out/>
</testsuite> <!-- rahulshettyacademy.MavenJava.SeleniumTest -->
